<?xml version="1.0" encoding="UTF-8"?>
<!-- Generated by org.testng.reporters.JUnitXMLReporter -->
<testsuite ignored="0" hostname="DESKTOP-4UOO7GQ" failures="0" tests="9" name="Test" time="102.327" errors="0" timestamp="2022-07-23T19:02:59 IST">
  <testcase classname="TestCases.AddtariffPlanTest" name="@BeforeMethod setup" time="26.892">
    <failure type="org.openqa.selenium.TimeoutException" message="TimedPromise timed out after 22000 ms
Build info: version: &amp;apos;4.0.0&amp;apos;, revision: &amp;apos;3a21814679&amp;apos;
System info: host: &amp;apos;DESKTOP-4UOO7GQ&amp;apos;, ip: &amp;apos;169.254.162.2&amp;apos;, os.name: &amp;apos;Windows 10&amp;apos;, os.arch: &amp;apos;amd64&amp;apos;, os.version: &amp;apos;10.0&amp;apos;, java.version: &amp;apos;11.0.13&amp;apos;
Driver info: org.openqa.selenium.firefox.FirefoxDriver
Command: [8df532b2-f8dd-404f-9895-9e04d9282d5a, get {url=https://demo.guru99.com/telecom/index.html}]
Capabilities {acceptInsecureCerts: true, browserName: firefox, browserVersion: 102.0.1, javascriptEnabled: true, moz:accessibilityChecks: false, moz:buildID: 20220705093820, moz:debuggerAddress: localhost:54294, moz:geckodriverVersion: 0.31.0, moz:headless: false, moz:processID: 13456, moz:profile: C:\Users\Saurabh\AppData\Lo..., moz:shutdownTimeout: 60000, moz:useNonSpecCompliantPointerOrigin: false, moz:webdriverClick: true, moz:windowless: false, pageLoadStrategy: normal, platform: WINDOWS, platformName: WINDOWS, platformVersion: 10.0, proxy: Proxy(), se:cdp: ws://localhost:54294/devtoo..., se:cdpVersion: 85, setWindowRect: true, strictFileInteractability: false, timeouts: {implicit: 0, pageLoad: 300000, script: 30000}, unhandledPromptBehavior: dismiss and notify}
Session ID: 8df532b2-f8dd-404f-9895-9e04d9282d5a">
      <![CDATA[org.openqa.selenium.TimeoutException: TimedPromise timed out after 22000 ms
Build info: version: '4.0.0', revision: '3a21814679'
System info: host: 'DESKTOP-4UOO7GQ', ip: '169.254.162.2', os.name: 'Windows 10', os.arch: 'amd64', os.version: '10.0', java.version: '11.0.13'
Driver info: org.openqa.selenium.firefox.FirefoxDriver
Command: [8df532b2-f8dd-404f-9895-9e04d9282d5a, get {url=https://demo.guru99.com/telecom/index.html}]
Capabilities {acceptInsecureCerts: true, browserName: firefox, browserVersion: 102.0.1, javascriptEnabled: true, moz:accessibilityChecks: false, moz:buildID: 20220705093820, moz:debuggerAddress: localhost:54294, moz:geckodriverVersion: 0.31.0, moz:headless: false, moz:processID: 13456, moz:profile: C:\Users\Saurabh\AppData\Lo..., moz:shutdownTimeout: 60000, moz:useNonSpecCompliantPointerOrigin: false, moz:webdriverClick: true, moz:windowless: false, pageLoadStrategy: normal, platform: WINDOWS, platformName: WINDOWS, platformVersion: 10.0, proxy: Proxy(), se:cdp: ws://localhost:54294/devtoo..., se:cdpVersion: 85, setWindowRect: true, strictFileInteractability: false, timeouts: {implicit: 0, pageLoad: 300000, script: 30000}, unhandledPromptBehavior: dismiss and notify}
Session ID: 8df532b2-f8dd-404f-9895-9e04d9282d5a
at org.openqa.selenium.remote.codec.w3c.W3CHttpResponseCodec.createException(W3CHttpResponseCodec.java:200)
at org.openqa.selenium.remote.codec.w3c.W3CHttpResponseCodec.decode(W3CHttpResponseCodec.java:133)
at org.openqa.selenium.remote.codec.w3c.W3CHttpResponseCodec.decode(W3CHttpResponseCodec.java:53)
at org.openqa.selenium.remote.HttpCommandExecutor.execute(HttpCommandExecutor.java:184)
at org.openqa.selenium.remote.service.DriverCommandExecutor.invokeExecute(DriverCommandExecutor.java:164)
at org.openqa.selenium.remote.service.DriverCommandExecutor.execute(DriverCommandExecutor.java:139)
at org.openqa.selenium.remote.RemoteWebDriver.execute(RemoteWebDriver.java:559)
at org.openqa.selenium.remote.RemoteWebDriver.get(RemoteWebDriver.java:328)
at TestBase.TestBase.initialisation(TestBase.java:64)
at TestCases.AddtariffPlanTest.setup(AddtariffPlanTest.java:25)
at java.base/java.util.ArrayList.forEach(ArrayList.java:1541)
... Removed 35 stack frames]]>
    </failure>
  </testcase> <!-- @BeforeMethod setup -->
  <testcase classname="TestCases.PayBillingTest" name="@BeforeMethod setup" time="25.076">
    <failure type="org.openqa.selenium.TimeoutException" message="TimedPromise timed out after 22000 ms
Build info: version: &amp;apos;4.0.0&amp;apos;, revision: &amp;apos;3a21814679&amp;apos;
System info: host: &amp;apos;DESKTOP-4UOO7GQ&amp;apos;, ip: &amp;apos;169.254.162.2&amp;apos;, os.name: &amp;apos;Windows 10&amp;apos;, os.arch: &amp;apos;amd64&amp;apos;, os.version: &amp;apos;10.0&amp;apos;, java.version: &amp;apos;11.0.13&amp;apos;
Driver info: org.openqa.selenium.firefox.FirefoxDriver
Command: [1e3aba90-8cf2-4ed2-bfd5-5d9af899cb51, get {url=https://demo.guru99.com/telecom/index.html}]
Capabilities {acceptInsecureCerts: true, browserName: firefox, browserVersion: 102.0.1, javascriptEnabled: true, moz:accessibilityChecks: false, moz:buildID: 20220705093820, moz:debuggerAddress: localhost:54731, moz:geckodriverVersion: 0.31.0, moz:headless: false, moz:processID: 11884, moz:profile: C:\Users\Saurabh\AppData\Lo..., moz:shutdownTimeout: 60000, moz:useNonSpecCompliantPointerOrigin: false, moz:webdriverClick: true, moz:windowless: false, pageLoadStrategy: normal, platform: WINDOWS, platformName: WINDOWS, platformVersion: 10.0, proxy: Proxy(), se:cdp: ws://localhost:54731/devtoo..., se:cdpVersion: 85, setWindowRect: true, strictFileInteractability: false, timeouts: {implicit: 0, pageLoad: 300000, script: 30000}, unhandledPromptBehavior: dismiss and notify}
Session ID: 1e3aba90-8cf2-4ed2-bfd5-5d9af899cb51">
      <![CDATA[org.openqa.selenium.TimeoutException: TimedPromise timed out after 22000 ms
Build info: version: '4.0.0', revision: '3a21814679'
System info: host: 'DESKTOP-4UOO7GQ', ip: '169.254.162.2', os.name: 'Windows 10', os.arch: 'amd64', os.version: '10.0', java.version: '11.0.13'
Driver info: org.openqa.selenium.firefox.FirefoxDriver
Command: [1e3aba90-8cf2-4ed2-bfd5-5d9af899cb51, get {url=https://demo.guru99.com/telecom/index.html}]
Capabilities {acceptInsecureCerts: true, browserName: firefox, browserVersion: 102.0.1, javascriptEnabled: true, moz:accessibilityChecks: false, moz:buildID: 20220705093820, moz:debuggerAddress: localhost:54731, moz:geckodriverVersion: 0.31.0, moz:headless: false, moz:processID: 11884, moz:profile: C:\Users\Saurabh\AppData\Lo..., moz:shutdownTimeout: 60000, moz:useNonSpecCompliantPointerOrigin: false, moz:webdriverClick: true, moz:windowless: false, pageLoadStrategy: normal, platform: WINDOWS, platformName: WINDOWS, platformVersion: 10.0, proxy: Proxy(), se:cdp: ws://localhost:54731/devtoo..., se:cdpVersion: 85, setWindowRect: true, strictFileInteractability: false, timeouts: {implicit: 0, pageLoad: 300000, script: 30000}, unhandledPromptBehavior: dismiss and notify}
Session ID: 1e3aba90-8cf2-4ed2-bfd5-5d9af899cb51
at org.openqa.selenium.remote.codec.w3c.W3CHttpResponseCodec.createException(W3CHttpResponseCodec.java:200)
at org.openqa.selenium.remote.codec.w3c.W3CHttpResponseCodec.decode(W3CHttpResponseCodec.java:133)
at org.openqa.selenium.remote.codec.w3c.W3CHttpResponseCodec.decode(W3CHttpResponseCodec.java:53)
at org.openqa.selenium.remote.HttpCommandExecutor.execute(HttpCommandExecutor.java:184)
at org.openqa.selenium.remote.service.DriverCommandExecutor.invokeExecute(DriverCommandExecutor.java:164)
at org.openqa.selenium.remote.service.DriverCommandExecutor.execute(DriverCommandExecutor.java:139)
at org.openqa.selenium.remote.RemoteWebDriver.execute(RemoteWebDriver.java:559)
at org.openqa.selenium.remote.RemoteWebDriver.get(RemoteWebDriver.java:328)
at TestBase.TestBase.initialisation(TestBase.java:64)
at TestCases.PayBillingTest.setup(PayBillingTest.java:27)
at java.base/java.util.ArrayList.forEach(ArrayList.java:1541)
... Removed 35 stack frames]]>
    </failure>
  </testcase> <!-- @BeforeMethod setup -->
  <testcase classname="TestCases.PayBillingTest" name="@BeforeMethod setup" time="-1.65858312912E9">
    <skipped/>
  </testcase> <!-- @BeforeMethod setup -->
  <testcase classname="TestCases.PayBillingTest" name="@BeforeMethod setup" time="-1.658583129129E9">
    <skipped/>
  </testcase> <!-- @BeforeMethod setup -->
  <testcase classname="TestCases.PayBillingTest" name="@AfterClass tearsdown" time="-1.658583129135E9">
    <skipped/>
  </testcase> <!-- @AfterClass tearsdown -->
  <testcase classname="TestCases.AddCustomerToTariffTest" name="@BeforeMethod setup" time="25.08">
    <failure type="org.openqa.selenium.TimeoutException" message="TimedPromise timed out after 22000 ms
Build info: version: &amp;apos;4.0.0&amp;apos;, revision: &amp;apos;3a21814679&amp;apos;
System info: host: &amp;apos;DESKTOP-4UOO7GQ&amp;apos;, ip: &amp;apos;169.254.162.2&amp;apos;, os.name: &amp;apos;Windows 10&amp;apos;, os.arch: &amp;apos;amd64&amp;apos;, os.version: &amp;apos;10.0&amp;apos;, java.version: &amp;apos;11.0.13&amp;apos;
Driver info: org.openqa.selenium.firefox.FirefoxDriver
Command: [325b3c49-5be2-497b-b207-b95c1f014ceb, get {url=https://demo.guru99.com/telecom/index.html}]
Capabilities {acceptInsecureCerts: true, browserName: firefox, browserVersion: 102.0.1, javascriptEnabled: true, moz:accessibilityChecks: false, moz:buildID: 20220705093820, moz:debuggerAddress: localhost:49424, moz:geckodriverVersion: 0.31.0, moz:headless: false, moz:processID: 17412, moz:profile: C:\Users\Saurabh\AppData\Lo..., moz:shutdownTimeout: 60000, moz:useNonSpecCompliantPointerOrigin: false, moz:webdriverClick: true, moz:windowless: false, pageLoadStrategy: normal, platform: WINDOWS, platformName: WINDOWS, platformVersion: 10.0, proxy: Proxy(), se:cdp: ws://localhost:49424/devtoo..., se:cdpVersion: 85, setWindowRect: true, strictFileInteractability: false, timeouts: {implicit: 0, pageLoad: 300000, script: 30000}, unhandledPromptBehavior: dismiss and notify}
Session ID: 325b3c49-5be2-497b-b207-b95c1f014ceb">
      <![CDATA[org.openqa.selenium.TimeoutException: TimedPromise timed out after 22000 ms
Build info: version: '4.0.0', revision: '3a21814679'
System info: host: 'DESKTOP-4UOO7GQ', ip: '169.254.162.2', os.name: 'Windows 10', os.arch: 'amd64', os.version: '10.0', java.version: '11.0.13'
Driver info: org.openqa.selenium.firefox.FirefoxDriver
Command: [325b3c49-5be2-497b-b207-b95c1f014ceb, get {url=https://demo.guru99.com/telecom/index.html}]
Capabilities {acceptInsecureCerts: true, browserName: firefox, browserVersion: 102.0.1, javascriptEnabled: true, moz:accessibilityChecks: false, moz:buildID: 20220705093820, moz:debuggerAddress: localhost:49424, moz:geckodriverVersion: 0.31.0, moz:headless: false, moz:processID: 17412, moz:profile: C:\Users\Saurabh\AppData\Lo..., moz:shutdownTimeout: 60000, moz:useNonSpecCompliantPointerOrigin: false, moz:webdriverClick: true, moz:windowless: false, pageLoadStrategy: normal, platform: WINDOWS, platformName: WINDOWS, platformVersion: 10.0, proxy: Proxy(), se:cdp: ws://localhost:49424/devtoo..., se:cdpVersion: 85, setWindowRect: true, strictFileInteractability: false, timeouts: {implicit: 0, pageLoad: 300000, script: 30000}, unhandledPromptBehavior: dismiss and notify}
Session ID: 325b3c49-5be2-497b-b207-b95c1f014ceb
at org.openqa.selenium.remote.codec.w3c.W3CHttpResponseCodec.createException(W3CHttpResponseCodec.java:200)
at org.openqa.selenium.remote.codec.w3c.W3CHttpResponseCodec.decode(W3CHttpResponseCodec.java:133)
at org.openqa.selenium.remote.codec.w3c.W3CHttpResponseCodec.decode(W3CHttpResponseCodec.java:53)
at org.openqa.selenium.remote.HttpCommandExecutor.execute(HttpCommandExecutor.java:184)
at org.openqa.selenium.remote.service.DriverCommandExecutor.invokeExecute(DriverCommandExecutor.java:164)
at org.openqa.selenium.remote.service.DriverCommandExecutor.execute(DriverCommandExecutor.java:139)
at org.openqa.selenium.remote.RemoteWebDriver.execute(RemoteWebDriver.java:559)
at org.openqa.selenium.remote.RemoteWebDriver.get(RemoteWebDriver.java:328)
at TestBase.TestBase.initialisation(TestBase.java:64)
at TestCases.AddCustomerToTariffTest.setup(AddCustomerToTariffTest.java:34)
at java.base/java.util.ArrayList.forEach(ArrayList.java:1541)
... Removed 35 stack frames]]>
    </failure>
  </testcase> <!-- @BeforeMethod setup -->
  <testcase classname="TestCases.AddCustomerToTariffTest" name="@BeforeMethod setup" time="-1.658583154228E9">
    <skipped/>
  </testcase> <!-- @BeforeMethod setup -->
  <testcase classname="TestCases.AddCustomerToTariffTest" name="@BeforeMethod setup" time="-1.658583154235E9">
    <skipped/>
  </testcase> <!-- @BeforeMethod setup -->
  <testcase classname="TestCases.AddCustomerTest" name="@BeforeMethod setup" time="25.144">
    <failure type="org.openqa.selenium.TimeoutException" message="TimedPromise timed out after 22000 ms
Build info: version: &amp;apos;4.0.0&amp;apos;, revision: &amp;apos;3a21814679&amp;apos;
System info: host: &amp;apos;DESKTOP-4UOO7GQ&amp;apos;, ip: &amp;apos;169.254.162.2&amp;apos;, os.name: &amp;apos;Windows 10&amp;apos;, os.arch: &amp;apos;amd64&amp;apos;, os.version: &amp;apos;10.0&amp;apos;, java.version: &amp;apos;11.0.13&amp;apos;
Driver info: org.openqa.selenium.firefox.FirefoxDriver
Command: [5985c472-1df7-4aac-85fb-747bc1879977, get {url=https://demo.guru99.com/telecom/index.html}]
Capabilities {acceptInsecureCerts: true, browserName: firefox, browserVersion: 102.0.1, javascriptEnabled: true, moz:accessibilityChecks: false, moz:buildID: 20220705093820, moz:debuggerAddress: localhost:52912, moz:geckodriverVersion: 0.31.0, moz:headless: false, moz:processID: 440, moz:profile: C:\Users\Saurabh\AppData\Lo..., moz:shutdownTimeout: 60000, moz:useNonSpecCompliantPointerOrigin: false, moz:webdriverClick: true, moz:windowless: false, pageLoadStrategy: normal, platform: WINDOWS, platformName: WINDOWS, platformVersion: 10.0, proxy: Proxy(), se:cdp: ws://localhost:52912/devtoo..., se:cdpVersion: 85, setWindowRect: true, strictFileInteractability: false, timeouts: {implicit: 0, pageLoad: 300000, script: 30000}, unhandledPromptBehavior: dismiss and notify}
Session ID: 5985c472-1df7-4aac-85fb-747bc1879977">
      <![CDATA[org.openqa.selenium.TimeoutException: TimedPromise timed out after 22000 ms
Build info: version: '4.0.0', revision: '3a21814679'
System info: host: 'DESKTOP-4UOO7GQ', ip: '169.254.162.2', os.name: 'Windows 10', os.arch: 'amd64', os.version: '10.0', java.version: '11.0.13'
Driver info: org.openqa.selenium.firefox.FirefoxDriver
Command: [5985c472-1df7-4aac-85fb-747bc1879977, get {url=https://demo.guru99.com/telecom/index.html}]
Capabilities {acceptInsecureCerts: true, browserName: firefox, browserVersion: 102.0.1, javascriptEnabled: true, moz:accessibilityChecks: false, moz:buildID: 20220705093820, moz:debuggerAddress: localhost:52912, moz:geckodriverVersion: 0.31.0, moz:headless: false, moz:processID: 440, moz:profile: C:\Users\Saurabh\AppData\Lo..., moz:shutdownTimeout: 60000, moz:useNonSpecCompliantPointerOrigin: false, moz:webdriverClick: true, moz:windowless: false, pageLoadStrategy: normal, platform: WINDOWS, platformName: WINDOWS, platformVersion: 10.0, proxy: Proxy(), se:cdp: ws://localhost:52912/devtoo..., se:cdpVersion: 85, setWindowRect: true, strictFileInteractability: false, timeouts: {implicit: 0, pageLoad: 300000, script: 30000}, unhandledPromptBehavior: dismiss and notify}
Session ID: 5985c472-1df7-4aac-85fb-747bc1879977
at org.openqa.selenium.remote.codec.w3c.W3CHttpResponseCodec.createException(W3CHttpResponseCodec.java:200)
at org.openqa.selenium.remote.codec.w3c.W3CHttpResponseCodec.decode(W3CHttpResponseCodec.java:133)
at org.openqa.selenium.remote.codec.w3c.W3CHttpResponseCodec.decode(W3CHttpResponseCodec.java:53)
at org.openqa.selenium.remote.HttpCommandExecutor.execute(HttpCommandExecutor.java:184)
at org.openqa.selenium.remote.service.DriverCommandExecutor.invokeExecute(DriverCommandExecutor.java:164)
at org.openqa.selenium.remote.service.DriverCommandExecutor.execute(DriverCommandExecutor.java:139)
at org.openqa.selenium.remote.RemoteWebDriver.execute(RemoteWebDriver.java:559)
at org.openqa.selenium.remote.RemoteWebDriver.get(RemoteWebDriver.java:328)
at TestBase.TestBase.initialisation(TestBase.java:64)
at TestCases.AddCustomerTest.setup(AddCustomerTest.java:35)
at java.base/java.util.ArrayList.forEach(ArrayList.java:1541)
... Removed 35 stack frames]]>
    </failure>
  </testcase> <!-- @BeforeMethod setup -->
  <testcase classname="TestCases.AddCustomerTest" name="@BeforeMethod setup" time="-1.658583179396E9">
    <skipped/>
  </testcase> <!-- @BeforeMethod setup -->
  <testcase classname="TestCases.AddtariffPlanTest" name="enterTariffPlan" time="0.0">
    <skipped/>
  </testcase> <!-- enterTariffPlan -->
  <testcase classname="TestCases.PayBillingTest" name="Billingtest" time="0.0">
    <skipped/>
  </testcase> <!-- Billingtest -->
  <testcase classname="TestCases.PayBillingTest" name="Billingtest1" time="0.0">
    <skipped/>
  </testcase> <!-- Billingtest1 -->
  <testcase classname="TestCases.PayBillingTest" name="Billingtest2" time="0.0">
    <skipped/>
  </testcase> <!-- Billingtest2 -->
  <testcase classname="TestCases.AddCustomerToTariffTest" name="logoverifyTest1" time="0.0">
    <skipped/>
  </testcase> <!-- logoverifyTest1 -->
  <testcase classname="TestCases.AddCustomerToTariffTest" name="logoverifyTest2" time="0.0">
    <skipped/>
  </testcase> <!-- logoverifyTest2 -->
  <testcase classname="TestCases.AddCustomerToTariffTest" name="logoverifyTest" time="0.0">
    <skipped/>
  </testcase> <!-- logoverifyTest -->
  <testcase classname="TestCases.AddCustomerTest" name="verifyLogo" time="0.0">
    <skipped/>
  </testcase> <!-- verifyLogo -->
  <testcase classname="TestCases.AddCustomerTest" name="addCustomerTest" time="0.0">
    <skipped/>
  </testcase> <!-- addCustomerTest -->
</testsuite> <!-- Test -->
