<?xml version="1.0" encoding="UTF-8"?>
<testng-results ignored="0" total="1" passed="1" failed="0" skipped="0">
  <reporter-output>
  </reporter-output>
  <suite started-at="2022-07-25T18:11:59 IST" name="Default suite" finished-at="2022-07-25T18:12:15 IST" duration-ms="15422">
    <groups>
    </groups>
    <test started-at="2022-07-25T18:11:59 IST" name="Default test" finished-at="2022-07-25T18:12:15 IST" duration-ms="15422">
      <class name="TestCases.PayBillingTest">
        <test-method is-config="true" signature="setup()[pri:0, instance:TestCases.PayBillingTest@be35cd9]" started-at="2022-07-25T18:11:59 IST" name="setup" finished-at="2022-07-25T18:12:13 IST" duration-ms="13877" status="PASS">
          <reporter-output>
          </reporter-output>
        </test-method> <!-- setup -->
        <test-method signature="Billingtest()[pri:0, instance:TestCases.PayBillingTest@be35cd9]" started-at="2022-07-25T18:12:13 IST" name="Billingtest" finished-at="2022-07-25T18:12:14 IST" duration-ms="810" status="PASS">
          <reporter-output>
          </reporter-output>
        </test-method> <!-- Billingtest -->
        <test-method is-config="true" signature="tearsdown()[pri:0, instance:TestCases.PayBillingTest@be35cd9]" started-at="2022-07-25T18:12:14 IST" name="tearsdown" finished-at="2022-07-25T18:12:15 IST" duration-ms="693" status="PASS">
          <reporter-output>
          </reporter-output>
        </test-method> <!-- tearsdown -->
      </class> <!-- TestCases.PayBillingTest -->
    </test> <!-- Default test -->
  </suite> <!-- Default suite -->
</testng-results>
